[ 2017-01-07T21:00:26+08:00 ] 127.0.0.1 /
INFO: [ app_init ] --START--
INFO: Run Behavior\BuildLiteBehavior [ RunTime:0.000046s ]
INFO: [ app_init ] --END-- [ RunTime:0.006042s ]
INFO: [ app_begin ] --START--
INFO: Run Behavior\ReadHtmlCacheBehavior [ RunTime:0.007836s ]
INFO: [ app_begin ] --END-- [ RunTime:0.008058s ]
INFO: [ view_parse ] --START--
INFO: [ template_filter ] --START--
INFO: Run Behavior\ContentReplaceBehavior [ RunTime:0.000087s ]
INFO: [ template_filter ] --END-- [ RunTime:0.000177s ]
INFO: Run Behavior\ParseTemplateBehavior [ RunTime:0.040873s ]
INFO: [ view_parse ] --END-- [ RunTime:0.040975s ]
INFO: [ view_filter ] --START--
INFO: Run Behavior\WriteHtmlCacheBehavior [ RunTime:0.004664s ]
INFO: [ view_filter ] --END-- [ RunTime:0.004736s ]
INFO: [ app_end ] --START--
INFO: Run Behavior\ShowPageTraceBehavior [ RunTime:0.010439s ]
INFO: [ app_end ] --END-- [ RunTime:0.010565s ]

[ 2017-01-07T21:00:26+08:00 ] 127.0.0.1 /Index/verify.html
INFO: [ app_init ] --START--
INFO: Run Behavior\BuildLiteBehavior [ RunTime:0.000019s ]
INFO: [ app_init ] --END-- [ RunTime:0.000444s ]
INFO: [ app_begin ] --START--
INFO: Run Behavior\ReadHtmlCacheBehavior [ RunTime:0.000773s ]
INFO: [ app_begin ] --END-- [ RunTime:0.000878s ]
INFO: [ app_end ] --START--
INFO: Run Behavior\ShowPageTraceBehavior [ RunTime:0.000848s ]
INFO: [ app_end ] --END-- [ RunTime:0.000946s ]

[ 2017-01-07T21:00:26+08:00 ] 127.0.0.1 /favicon.ico
INFO: [ app_init ] --START--
INFO: Run Behavior\BuildLiteBehavior [ RunTime:0.000019s ]
INFO: [ app_init ] --END-- [ RunTime:0.000465s ]

[ 2017-01-07T21:00:26+08:00 ] 127.0.0.1 /favicon.ico
INFO: [ app_init ] --START--
INFO: Run Behavior\BuildLiteBehavior [ RunTime:0.000019s ]
INFO: [ app_init ] --END-- [ RunTime:0.000439s ]

[ 2017-01-07T21:00:41+08:00 ] 127.0.0.1 /Index/checkLogin.html
INFO: [ app_init ] --START--
INFO: Run Behavior\BuildLiteBehavior [ RunTime:0.000020s ]
INFO: [ app_init ] --END-- [ RunTime:0.000394s ]
INFO: [ app_begin ] --START--
INFO: Run Behavior\ReadHtmlCacheBehavior [ RunTime:0.000816s ]
INFO: [ app_begin ] --END-- [ RunTime:0.000904s ]
SQL: SELECT * FROM `oa_user` WHERE ( user_name='xiaoxi' ) LIMIT 1   [ RunTime:0.0010s ]
INFO: [ view_parse ] --START--
INFO: [ template_filter ] --START--
INFO: Run Behavior\ContentReplaceBehavior [ RunTime:0.000177s ]
INFO: [ template_filter ] --END-- [ RunTime:0.000416s ]
INFO: Run Behavior\ParseTemplateBehavior [ RunTime:0.027187s ]
INFO: [ view_parse ] --END-- [ RunTime:0.027538s ]
INFO: [ view_filter ] --START--
INFO: Run Behavior\WriteHtmlCacheBehavior [ RunTime:0.000717s ]
INFO: [ view_filter ] --END-- [ RunTime:0.000861s ]
INFO: [ app_end ] --START--
INFO: Run Behavior\ShowPageTraceBehavior [ RunTime:0.001462s ]
INFO: [ app_end ] --END-- [ RunTime:0.001616s ]

[ 2017-01-07T21:00:44+08:00 ] 127.0.0.1 /Main/index.html
INFO: [ app_init ] --START--
INFO: Run Behavior\BuildLiteBehavior [ RunTime:0.000018s ]
INFO: [ app_init ] --END-- [ RunTime:0.000443s ]
INFO: [ app_begin ] --START--
INFO: Run Behavior\ReadHtmlCacheBehavior [ RunTime:0.000533s ]
INFO: [ app_begin ] --END-- [ RunTime:0.000633s ]
SQL: SELECT COUNT(*) AS tp_count FROM `oa_email` WHERE ( email_to='1' and email_read=1 ) LIMIT 1   [ RunTime:0.0004s ]
INFO: [ view_parse ] --START--
INFO: [ template_filter ] --START--
INFO: Run Behavior\ContentReplaceBehavior [ RunTime:0.000127s ]
INFO: [ template_filter ] --END-- [ RunTime:0.000215s ]
INFO: Run Behavior\ParseTemplateBehavior [ RunTime:0.009930s ]
INFO: [ view_parse ] --END-- [ RunTime:0.010033s ]
INFO: [ view_filter ] --START--
INFO: Run Behavior\WriteHtmlCacheBehavior [ RunTime:0.000270s ]
INFO: [ view_filter ] --END-- [ RunTime:0.000334s ]
INFO: [ app_end ] --START--
INFO: Run Behavior\ShowPageTraceBehavior [ RunTime:0.000535s ]
INFO: [ app_end ] --END-- [ RunTime:0.000602s ]

[ 2017-01-07T21:00:44+08:00 ] 127.0.0.1 /Main/home.html
INFO: [ app_init ] --START--
INFO: Run Behavior\BuildLiteBehavior [ RunTime:0.000029s ]
INFO: [ app_init ] --END-- [ RunTime:0.000592s ]
INFO: [ app_begin ] --START--
INFO: Run Behavior\ReadHtmlCacheBehavior [ RunTime:0.000642s ]
INFO: [ app_begin ] --END-- [ RunTime:0.000727s ]
INFO: [ view_parse ] --START--
INFO: [ template_filter ] --START--
INFO: Run Behavior\ContentReplaceBehavior [ RunTime:0.000558s ]
INFO: [ template_filter ] --END-- [ RunTime:0.000834s ]
INFO: Run Behavior\ParseTemplateBehavior [ RunTime:0.096815s ]
INFO: [ view_parse ] --END-- [ RunTime:0.097228s ]
INFO: [ view_filter ] --START--
INFO: Run Behavior\WriteHtmlCacheBehavior [ RunTime:0.001441s ]
INFO: [ view_filter ] --END-- [ RunTime:0.001662s ]
INFO: [ app_end ] --START--
INFO: Run Behavior\ShowPageTraceBehavior [ RunTime:0.001538s ]
INFO: [ app_end ] --END-- [ RunTime:0.001817s ]

[ 2017-01-07T21:01:09+08:00 ] 127.0.0.1 /Dept/index.html
INFO: [ app_init ] --START--
INFO: Run Behavior\BuildLiteBehavior [ RunTime:0.000019s ]
INFO: [ app_init ] --END-- [ RunTime:0.000417s ]
INFO: [ app_begin ] --START--
INFO: Run Behavior\ReadHtmlCacheBehavior [ RunTime:0.000507s ]
INFO: [ app_begin ] --END-- [ RunTime:0.000583s ]
SQL: SELECT d1.dept_id,d1.dept_name,d1.dept_pid,d2.dept_name as name,d1.dept_sort,d1.dept_remark,d1.dept_level FROM oa_dept d1 left join oa_dept as d2 on d1.dept_pid=d2.dept_id   [ RunTime:0.0013s ]
INFO: [ view_parse ] --START--
INFO: [ template_filter ] --START--
INFO: Run Behavior\ContentReplaceBehavior [ RunTime:0.000165s ]
INFO: [ template_filter ] --END-- [ RunTime:0.000321s ]
NOTIC: [8] Use of undefined constant dept_id - assumed 'dept_id' F:\myoa\application\Runtime\Cache\Admin\c89ad5afca0a00da5ff4c90b0ea5c82e.php 第 43 行.
NOTIC: [8] Use of undefined constant dept_id - assumed 'dept_id' F:\myoa\application\Runtime\Cache\Admin\c89ad5afca0a00da5ff4c90b0ea5c82e.php 第 44 行.
NOTIC: [8] Use of undefined constant dept_id - assumed 'dept_id' F:\myoa\application\Runtime\Cache\Admin\c89ad5afca0a00da5ff4c90b0ea5c82e.php 第 43 行.
NOTIC: [8] Use of undefined constant dept_id - assumed 'dept_id' F:\myoa\application\Runtime\Cache\Admin\c89ad5afca0a00da5ff4c90b0ea5c82e.php 第 44 行.
NOTIC: [8] Use of undefined constant dept_id - assumed 'dept_id' F:\myoa\application\Runtime\Cache\Admin\c89ad5afca0a00da5ff4c90b0ea5c82e.php 第 43 行.
NOTIC: [8] Use of undefined constant dept_id - assumed 'dept_id' F:\myoa\application\Runtime\Cache\Admin\c89ad5afca0a00da5ff4c90b0ea5c82e.php 第 44 行.
NOTIC: [8] Use of undefined constant dept_id - assumed 'dept_id' F:\myoa\application\Runtime\Cache\Admin\c89ad5afca0a00da5ff4c90b0ea5c82e.php 第 43 行.
NOTIC: [8] Use of undefined constant dept_id - assumed 'dept_id' F:\myoa\application\Runtime\Cache\Admin\c89ad5afca0a00da5ff4c90b0ea5c82e.php 第 44 行.
NOTIC: [8] Use of undefined constant dept_id - assumed 'dept_id' F:\myoa\application\Runtime\Cache\Admin\c89ad5afca0a00da5ff4c90b0ea5c82e.php 第 43 行.
NOTIC: [8] Use of undefined constant dept_id - assumed 'dept_id' F:\myoa\application\Runtime\Cache\Admin\c89ad5afca0a00da5ff4c90b0ea5c82e.php 第 44 行.
NOTIC: [8] Use of undefined constant dept_id - assumed 'dept_id' F:\myoa\application\Runtime\Cache\Admin\c89ad5afca0a00da5ff4c90b0ea5c82e.php 第 43 行.
NOTIC: [8] Use of undefined constant dept_id - assumed 'dept_id' F:\myoa\application\Runtime\Cache\Admin\c89ad5afca0a00da5ff4c90b0ea5c82e.php 第 44 行.
NOTIC: [8] Use of undefined constant dept_id - assumed 'dept_id' F:\myoa\application\Runtime\Cache\Admin\c89ad5afca0a00da5ff4c90b0ea5c82e.php 第 43 行.
NOTIC: [8] Use of undefined constant dept_id - assumed 'dept_id' F:\myoa\application\Runtime\Cache\Admin\c89ad5afca0a00da5ff4c90b0ea5c82e.php 第 44 行.
INFO: Run Behavior\ParseTemplateBehavior [ RunTime:0.037332s ]
INFO: [ view_parse ] --END-- [ RunTime:0.037437s ]
INFO: [ view_filter ] --START--
INFO: Run Behavior\WriteHtmlCacheBehavior [ RunTime:0.000311s ]
INFO: [ view_filter ] --END-- [ RunTime:0.000392s ]
INFO: [ app_end ] --START--
INFO: Run Behavior\ShowPageTraceBehavior [ RunTime:0.000754s ]
INFO: [ app_end ] --END-- [ RunTime:0.000838s ]

[ 2017-01-07T21:01:12+08:00 ] 127.0.0.1 /Dept/add.html
INFO: [ app_init ] --START--
INFO: Run Behavior\BuildLiteBehavior [ RunTime:0.000020s ]
INFO: [ app_init ] --END-- [ RunTime:0.000531s ]
INFO: [ app_begin ] --START--
INFO: Run Behavior\ReadHtmlCacheBehavior [ RunTime:0.000668s ]
INFO: [ app_begin ] --END-- [ RunTime:0.000765s ]
SQL: SELECT * FROM `oa_dept`  [ RunTime:0.0003s ]
INFO: [ view_parse ] --START--
INFO: [ template_filter ] --START--
INFO: Run Behavior\ContentReplaceBehavior [ RunTime:0.000091s ]
INFO: [ template_filter ] --END-- [ RunTime:0.000195s ]
INFO: Run Behavior\ParseTemplateBehavior [ RunTime:0.010079s ]
INFO: [ view_parse ] --END-- [ RunTime:0.010176s ]
INFO: [ view_filter ] --START--
INFO: Run Behavior\WriteHtmlCacheBehavior [ RunTime:0.000359s ]
INFO: [ view_filter ] --END-- [ RunTime:0.000444s ]
INFO: [ app_end ] --START--
INFO: Run Behavior\ShowPageTraceBehavior [ RunTime:0.000763s ]
INFO: [ app_end ] --END-- [ RunTime:0.000835s ]

[ 2017-01-07T21:01:14+08:00 ] 127.0.0.1 /Dept/index.html
INFO: [ app_init ] --START--
INFO: Run Behavior\BuildLiteBehavior [ RunTime:0.000026s ]
INFO: [ app_init ] --END-- [ RunTime:0.000530s ]
INFO: [ app_begin ] --START--
INFO: Run Behavior\ReadHtmlCacheBehavior [ RunTime:0.000771s ]
INFO: [ app_begin ] --END-- [ RunTime:0.000860s ]
SQL: SELECT d1.dept_id,d1.dept_name,d1.dept_pid,d2.dept_name as name,d1.dept_sort,d1.dept_remark,d1.dept_level FROM oa_dept d1 left join oa_dept as d2 on d1.dept_pid=d2.dept_id   [ RunTime:0.0004s ]
INFO: [ view_parse ] --START--
INFO: [ template_filter ] --START--
INFO: Run Behavior\ContentReplaceBehavior [ RunTime:0.000102s ]
INFO: [ template_filter ] --END-- [ RunTime:0.000185s ]
NOTIC: [8] Use of undefined constant dept_id - assumed 'dept_id' F:\myoa\application\Runtime\Cache\Admin\c89ad5afca0a00da5ff4c90b0ea5c82e.php 第 43 行.
NOTIC: [8] Use of undefined constant dept_id - assumed 'dept_id' F:\myoa\application\Runtime\Cache\Admin\c89ad5afca0a00da5ff4c90b0ea5c82e.php 第 44 行.
NOTIC: [8] Use of undefined constant dept_id - assumed 'dept_id' F:\myoa\application\Runtime\Cache\Admin\c89ad5afca0a00da5ff4c90b0ea5c82e.php 第 43 行.
NOTIC: [8] Use of undefined constant dept_id - assumed 'dept_id' F:\myoa\application\Runtime\Cache\Admin\c89ad5afca0a00da5ff4c90b0ea5c82e.php 第 44 行.
NOTIC: [8] Use of undefined constant dept_id - assumed 'dept_id' F:\myoa\application\Runtime\Cache\Admin\c89ad5afca0a00da5ff4c90b0ea5c82e.php 第 43 行.
NOTIC: [8] Use of undefined constant dept_id - assumed 'dept_id' F:\myoa\application\Runtime\Cache\Admin\c89ad5afca0a00da5ff4c90b0ea5c82e.php 第 44 行.
NOTIC: [8] Use of undefined constant dept_id - assumed 'dept_id' F:\myoa\application\Runtime\Cache\Admin\c89ad5afca0a00da5ff4c90b0ea5c82e.php 第 43 行.
NOTIC: [8] Use of undefined constant dept_id - assumed 'dept_id' F:\myoa\application\Runtime\Cache\Admin\c89ad5afca0a00da5ff4c90b0ea5c82e.php 第 44 行.
NOTIC: [8] Use of undefined constant dept_id - assumed 'dept_id' F:\myoa\application\Runtime\Cache\Admin\c89ad5afca0a00da5ff4c90b0ea5c82e.php 第 43 行.
NOTIC: [8] Use of undefined constant dept_id - assumed 'dept_id' F:\myoa\application\Runtime\Cache\Admin\c89ad5afca0a00da5ff4c90b0ea5c82e.php 第 44 行.
NOTIC: [8] Use of undefined constant dept_id - assumed 'dept_id' F:\myoa\application\Runtime\Cache\Admin\c89ad5afca0a00da5ff4c90b0ea5c82e.php 第 43 行.
NOTIC: [8] Use of undefined constant dept_id - assumed 'dept_id' F:\myoa\application\Runtime\Cache\Admin\c89ad5afca0a00da5ff4c90b0ea5c82e.php 第 44 行.
NOTIC: [8] Use of undefined constant dept_id - assumed 'dept_id' F:\myoa\application\Runtime\Cache\Admin\c89ad5afca0a00da5ff4c90b0ea5c82e.php 第 43 行.
NOTIC: [8] Use of undefined constant dept_id - assumed 'dept_id' F:\myoa\application\Runtime\Cache\Admin\c89ad5afca0a00da5ff4c90b0ea5c82e.php 第 44 行.
INFO: Run Behavior\ParseTemplateBehavior [ RunTime:0.010104s ]
INFO: [ view_parse ] --END-- [ RunTime:0.010179s ]
INFO: [ view_filter ] --START--
INFO: Run Behavior\WriteHtmlCacheBehavior [ RunTime:0.000344s ]
INFO: [ view_filter ] --END-- [ RunTime:0.000408s ]
INFO: [ app_end ] --START--
INFO: Run Behavior\ShowPageTraceBehavior [ RunTime:0.000681s ]
INFO: [ app_end ] --END-- [ RunTime:0.000749s ]

